<?xml version="1.0" encoding="UTF-8"?>
<!-- Generated by org.testng.reporters.JUnitXMLReporter -->
<testsuite ignored="0" hostname="DESKTOP-H7S8JTG" failures="0" tests="3" name="Test" time="192.549" errors="0" timestamp="2021-04-24T13:46:12 IST">
  <testcase classname="testcases.HomePageTest" name="homeLogin" time="62.769"/>
  <testcase classname="testcases.HomePageTest" name="homeLogin" time="57.417"/>
  <testcase classname="testcases.HomePageTest" name="verifyNameValidationMessage" time="49.154"/>
</testsuite> <!-- Test -->
