<?xml version="1.0" encoding="UTF-8"?>
<!-- Generated by org.testng.reporters.JUnitXMLReporter -->
<testsuite hostname="DESKTOP-H7S8JTG" ignored="0" name="Test" tests="3" failures="0" timestamp="24 Apr 2021 10:35:03 GMT" time="219.906" errors="0">
  <testcase name="homeLogin" time="67.849" classname="testcases.HomePageTest"/>
  <testcase name="homeLogin" time="59.429" classname="testcases.HomePageTest"/>
  <testcase name="verifyNameValidationMessage" time="49.292" classname="testcases.HomePageTest"/>
</testsuite> <!-- Test -->
